
23:39:43:794: entity: Tenant, layer: model, module: create
23:39:43:801: file: model, data: ([object Object])
23:39:43:802: file: model, data: ([object Object])
23:39:43:802: entity: Tenant, layer: model
23:39:43:802: entity: Tenant, layer: model, module: update
23:39:43:802: file: model, data: ([object Object])
23:39:43:793: chamada a /build/run
23:39:43:802: entity: Tenant, layer: model
23:39:43:802: entity: Tenant, layer: model
23:39:43:802: file: model, data: ([object Object])
23:39:43:802: entity: Tenant, layer: model, module: delete
23:39:43:802: entity: Tenant, layer: model
23:39:43:803: file: model, data: ([object Object])
23:39:43:802: entity: Tenant, layer: model, module: search
23:39:43:803: entity: Tenant, layer: model
23:39:43:803: entity: Tenant, layer: view, module: create
23:39:43:803: entity: Tenant, layer: view, module: read
23:39:43:803: entity: Tenant, layer: view
23:39:43:803: file: view, data: ([object Object])
23:39:43:803: entity: Tenant, layer: view
23:39:43:803: entity: Tenant, layer: view, module: update
23:39:43:803: entity: Tenant, layer: view
23:39:43:803: file: view, data: ([object Object])
23:39:43:803: entity: Tenant, layer: view, module: delete
23:39:43:803: file: view, data: ([object Object])
23:39:43:803: entity: Tenant, layer: view
23:39:43:804: file: view, data: ([object Object])
23:39:43:804: entity: Tenant, layer: controller, module: create
23:39:43:805: entity: Tenant, layer: controller
23:39:43:805: entity: Tenant, layer: controller, module: read
23:39:43:805: file: controller, data: ([object Object])
23:39:43:805: entity: Tenant, layer: controller
23:39:43:805: entity: Tenant, layer: controller, module: update
23:39:43:805: entity: Tenant, layer: controller
23:39:43:805: file: controller, data: ([object Object])
23:39:43:805: entity: Tenant, layer: controller, module: delete
23:39:43:805: file: controller, data: ([object Object])
23:39:43:805: entity: Tenant, layer: controller
23:39:43:805: entity: Tenant, layer: controller, module: search
23:39:43:803: entity: Tenant, layer: view, module: search
23:39:43:805: entity: Tenant, layer: controller
23:39:43:793: ####### START BUILD date: Fri, 20 Aug 2021 02:39:43 GMT
23:39:43:802: entity: Tenant, layer: model, module: read
23:39:43:803: file: view, data: ([object Object])
23:39:43:811: entity: Pessoa, layer: model, module: create
23:39:43:811: file: model, data: ([object Object])
23:39:43:811: entity: Pessoa, layer: model
23:39:43:805: file: controller, data: ([object Object])
23:39:43:811: entity: Pessoa, layer: model, module: read
23:39:43:811: file: model, data: ([object Object])
23:39:43:811: entity: Pessoa, layer: model
23:39:43:811: entity: Pessoa, layer: model, module: update
23:39:43:811: entity: Pessoa, layer: model
23:39:43:811: file: model, data: ([object Object])
23:39:43:811: entity: Pessoa, layer: model, module: search
23:39:43:811: entity: Pessoa, layer: model
23:39:43:811: file: model, data: ([object Object])
23:39:43:811: entity: Pessoa, layer: model
23:39:43:811: entity: Pessoa, layer: view, module: create
23:39:43:812: entity: Pessoa, layer: view
23:39:43:812: file: view, data: ([object Object])
23:39:43:812: entity: Pessoa, layer: view, module: read
23:39:43:812: file: view, data: ([object Object])
23:39:43:812: entity: Pessoa, layer: view, module: update
23:39:43:812: entity: Pessoa, layer: view
23:39:43:812: entity: Pessoa, layer: view, module: delete
23:39:43:812: file: view, data: ([object Object])
23:39:43:804: entity: Tenant, layer: view
23:39:43:812: entity: Pessoa, layer: view
23:39:43:812: entity: Pessoa, layer: view
23:39:43:812: entity: Pessoa, layer: controller, module: create
23:39:43:812: entity: Pessoa, layer: controller
23:39:43:811: file: model, data: ([object Object])
23:39:43:805: file: controller, data: ([object Object])
23:39:43:811: entity: Pessoa, layer: model, module: delete
23:39:43:812: entity: Pessoa, layer: controller, module: read
23:39:43:811: table: Tenant, fields: [object Object],[object Object],[object Object],[object Object],[object Object]
23:39:43:812: entity: Pessoa, layer: controller, module: update
23:39:43:812: file: controller, data: ([object Object])
23:39:43:812: entity: Pessoa, layer: controller
23:39:43:812: entity: Pessoa, layer: controller, module: delete
23:39:43:813: entity: Pessoa, layer: controller
23:39:43:813: file: controller, data: ([object Object])
23:39:43:813: entity: Pessoa, layer: controller
23:39:43:812: entity: Pessoa, layer: view, module: search
23:39:43:813: entity: Pessoa, layer: controller, module: search
23:39:43:813: file: model, data: ([object Object])
23:39:43:813: entity: Escola, layer: model
23:39:43:813: table: Pessoa, fields: [object Object],[object Object],[object Object],[object Object],[object Object],[object Object]
23:39:43:813: entity: Escola, layer: model, module: read
23:39:43:813: entity: Escola, layer: model, module: create
23:39:43:813: file: model, data: ([object Object])
23:39:43:813: entity: Escola, layer: model
23:39:43:813: entity: Escola, layer: model, module: update
23:39:43:813: file: model, data: ([object Object])
23:39:43:813: entity: Escola, layer: model
23:39:43:813: entity: Escola, layer: model, module: delete
23:39:43:813: file: model, data: ([object Object])
23:39:43:813: entity: Escola, layer: model
23:39:43:814: entity: Escola, layer: model, module: search
23:39:43:814: file: model, data: ([object Object])
23:39:43:814: entity: Escola, layer: model
23:39:43:814: entity: Escola, layer: view, module: create
23:39:43:814: file: view, data: ([object Object])
23:39:43:814: entity: Escola, layer: view
23:39:43:814: entity: Escola, layer: view, module: read
23:39:43:814: file: view, data: ([object Object])
23:39:43:814: entity: Escola, layer: view
23:39:43:814: entity: Escola, layer: view, module: update
23:39:43:815: file: view, data: ([object Object])
23:39:43:815: entity: Escola, layer: view
23:39:43:815: entity: Escola, layer: view, module: delete
23:39:43:815: file: view, data: ([object Object])
23:39:43:815: entity: Escola, layer: view
23:39:43:815: entity: Escola, layer: view, module: search
23:39:43:815: entity: Escola, layer: view
23:39:43:815: entity: Escola, layer: controller, module: create
23:39:43:815: file: view, data: ([object Object])
23:39:43:815: entity: Escola, layer: controller
23:39:43:815: file: controller, data: ([object Object])
23:39:43:815: entity: Escola, layer: controller, module: read
23:39:43:815: file: controller, data: ([object Object])
23:39:43:815: entity: Escola, layer: controller
23:39:43:815: file: controller, data: ([object Object])
23:39:43:815: entity: Escola, layer: controller
23:39:43:815: entity: Escola, layer: controller, module: delete
23:39:43:816: file: controller, data: ([object Object])
23:39:43:816: entity: Escola, layer: controller
23:39:43:816: entity: Escola, layer: controller, module: search
23:39:43:816: file: controller, data: ([object Object])
23:39:43:816: entity: Escola, layer: controller
23:39:43:815: entity: Escola, layer: controller, module: update
23:39:43:816: table: Escola, fields: [object Object],[object Object],[object Object],[object Object],[object Object]
23:39:43:816: entity: Curso, layer: model, module: create
23:39:43:816: file: model, data: ([object Object])
23:39:43:812: entity: Pessoa, layer: controller
23:39:43:816: entity: Curso, layer: model
23:39:43:816: entity: Curso, layer: model, module: read
23:39:43:816: file: model, data: ([object Object])
23:39:43:816: entity: Curso, layer: model
23:39:43:816: entity: Curso, layer: model, module: update
23:39:43:816: file: model, data: ([object Object])
23:39:43:816: entity: Curso, layer: model
23:39:43:816: entity: Curso, layer: model, module: delete
23:39:43:816: file: model, data: ([object Object])
23:39:43:812: file: controller, data: ([object Object])
23:39:43:816: entity: Curso, layer: model
23:39:43:816: file: model, data: ([object Object])
23:39:43:816: entity: Curso, layer: model, module: search
23:39:43:816: entity: Curso, layer: model
23:39:43:817: entity: Curso, layer: view, module: create
23:39:43:817: file: view, data: ([object Object])
23:39:43:817: entity: Curso, layer: view
23:39:43:817: entity: Curso, layer: view, module: read
23:39:43:817: file: view, data: ([object Object])
23:39:43:817: entity: Curso, layer: view, module: update
23:39:43:817: file: view, data: ([object Object])
23:39:43:817: entity: Curso, layer: view
23:39:43:817: entity: Curso, layer: view, module: delete
23:39:43:817: file: view, data: ([object Object])
23:39:43:817: entity: Curso, layer: view
23:39:43:817: entity: Curso, layer: view, module: search
23:39:43:817: file: view, data: ([object Object])
23:39:43:812: entity: Pessoa, layer: view
23:39:43:812: file: view, data: ([object Object])
23:39:43:812: file: view, data: ([object Object])
23:39:43:817: entity: Curso, layer: view
23:39:43:817: entity: Curso, layer: view
23:39:43:817: entity: Curso, layer: controller, module: create
23:39:43:817: file: controller, data: ([object Object])
23:39:43:817: entity: Curso, layer: controller
23:39:43:817: entity: Curso, layer: controller, module: read
23:39:43:817: entity: Curso, layer: controller
23:39:43:817: file: controller, data: ([object Object])
23:39:43:817: entity: Curso, layer: controller, module: update
23:39:43:817: entity: Curso, layer: controller
23:39:43:817: entity: Curso, layer: controller, module: delete
23:39:43:818: file: controller, data: ([object Object])
23:39:43:818: entity: Curso, layer: controller
23:39:43:818: file: controller, data: ([object Object])
23:39:43:818: entity: Curso, layer: controller, module: search
23:39:43:818: entity: Curso, layer: controller
23:39:43:818: table: Curso, fields: [object Object],[object Object],[object Object],[object Object],[object Object],[object Object]
23:39:43:818: entity: Conteudo, layer: model, module: create
23:39:43:819: entity: Conteudo, layer: model
23:39:43:819: file: model, data: ([object Object])
23:39:43:819: entity: Conteudo, layer: model, module: read
23:39:43:819: file: model, data: ([object Object])
23:39:43:819: entity: Conteudo, layer: model
23:39:43:819: entity: Conteudo, layer: model, module: update
23:39:43:820: entity: Conteudo, layer: model
23:39:43:820: file: model, data: ([object Object])
23:39:43:820: entity: Conteudo, layer: model, module: delete
23:39:43:820: file: model, data: ([object Object])
23:39:43:820: entity: Conteudo, layer: model
23:39:43:820: entity: Conteudo, layer: model, module: search
23:39:43:820: file: model, data: ([object Object])
23:39:43:820: entity: Conteudo, layer: view, module: create
23:39:43:821: entity: Conteudo, layer: view
23:39:43:821: entity: Conteudo, layer: view, module: read
23:39:43:821: file: view, data: ([object Object])
23:39:43:821: entity: Conteudo, layer: view, module: update
23:39:43:821: entity: Conteudo, layer: view
23:39:43:821: file: view, data: ([object Object])
23:39:43:821: entity: Conteudo, layer: view, module: delete
23:39:43:812: file: controller, data: ([object Object])
23:39:43:821: file: view, data: ([object Object])
23:39:43:821: entity: Conteudo, layer: view
23:39:43:821: entity: Conteudo, layer: view, module: search
23:39:43:821: file: view, data: ([object Object])
23:39:43:821: entity: Conteudo, layer: view
23:39:43:822: file: controller, data: ([object Object])
23:39:43:821: entity: Conteudo, layer: controller, module: create
23:39:43:822: entity: Conteudo, layer: controller
23:39:43:822: entity: Conteudo, layer: controller, module: read
23:39:43:822: file: controller, data: ([object Object])
23:39:43:822: entity: Conteudo, layer: controller
23:39:43:822: entity: Conteudo, layer: controller, module: update
23:39:43:822: file: controller, data: ([object Object])
23:39:43:822: entity: Conteudo, layer: controller
23:39:43:822: file: controller, data: ([object Object])
23:39:43:822: entity: Conteudo, layer: controller
23:39:43:822: entity: Conteudo, layer: controller, module: search
23:39:43:823: file: controller, data: ([object Object])
23:39:43:823: entity: Conteudo, layer: controller
23:39:43:823: table: Conteudo, fields: [object Object],[object Object],[object Object],[object Object],[object Object],[object Object],[object Object],[object Object],[object Object],[object Object],[object Object],[object Object],[object Object],[object Object],[object Object],[object Object]
23:39:43:824: ####### END BUILD timelapse: 31ms
23:39:43:822: entity: Conteudo, layer: controller, module: delete
23:39:43:820: entity: Conteudo, layer: model
23:39:43:813: file: controller, data: ([object Object])
23:39:43:817: file: controller, data: ([object Object])
23:39:43:821: file: view, data: ([object Object])
23:39:43:821: entity: Conteudo, layer: view